*** New build: {2019-07-24 09:07:17} ***
scons: done reading SConscript files.
scons: Building targets ...
build_r(["build/multivar_draw/multivar_draw.csv"], ["source/multivar_draw/multivar_draw.r"])
build_r(["build/multivar_plot/multivar_plot.jpeg"], ["source/multivar_plot/multivar_plot.r"])
scons: *** [build/multivar_plot/multivar_plot.jpeg] TargetNonexistenceError : The following target files do not exist after build:
    build/multivar_plot/multivar_plot.jpeg
Traceback (most recent call last):
  File "/Users/mollywharton/GSlab/template/config/scons/scons-local-3.0.1/SCons/Action.py", line 1197, in execute
    result = self.execfunction(target=target, source=rsources, env=env)
  File "/anaconda2/lib/python2.7/site-packages/gslab_scons/builders/build_r.py", line 27, in build_r
    builder.execute_system_call()
  File "/anaconda2/lib/python2.7/site-packages/gslab_scons/builders/gslab_builder.py", line 119, in execute_system_call
    self.check_targets()
  File "/anaconda2/lib/python2.7/site-packages/gslab_scons/builders/gslab_builder.py", line 177, in check_targets
    raise TargetNonexistenceError(message)
TargetNonexistenceError: The following target files do not exist after build:
    build/multivar_plot/multivar_plot.jpeg
scons: building terminated because of errors.
*** Build completed: {2019-07-24 09:07:18} ***
 
 
*** Warning!!! The log below does not have timestamps, the Sconscript may not have finished.
./build/multivar_plot/sconscript_multivar_plot.log
running
  '/Library/Frameworks/R.framework/Versions/3.5/Resources/bin/R --slave --no-restore --no-save --no-restore --file=source/multivar_plot/multivar_plot.r'

Saving 7 x 7 in image
