WARNING: Information about .sconsign.dblite may be misleading
as it can be edited after state_of_repo.log finishes running

===================================

 *** GIT STATUS ***

===================================
Last commit:

commit c2de9459af2d00c124ed3e834ba5d41b1cf762a0
Author: AakaashRao <aakaash@uchicago.edu>
Date:   Fri Jan 18 11:05:05 2019 -0600

    Revert "initial commit". I mistakenly committed to the template in this repo rather than to my forked version.
    
    This reverts commit d5e73ab4c8cd863a32e910e91224e7669031013d.


Files changed since last commit:


analysis/SConstruct
analysis/release/descriptive/plot.eps
analysis/release/descriptive/sconscript_descriptive.log
analysis/source/prepare_data/SConscript

===================================

 *** FILE STATUS ***

===================================
./config_global.yaml:
   modified on: 23 Jul 2019 11:59:47
   size of file: 1264
./config_user.yaml:
   modified on: 23 Jul 2019 12:02:37
   size of file: 646
./run.py:
   modified on: 23 Jul 2019 11:59:47
   size of file: 449
./SConstruct:
   modified on: 23 Jul 2019 12:02:04
   size of file: 1874
./sconstruct.log:
   modified on: 23 Jul 2019 12:02:40
   size of file: 496
./state_of_repo.log:
   modified on: 23 Jul 2019 12:02:40
   size of file: 739
./build/descriptive/plot.eps:
   modified on: 23 Jul 2019 12:02:40
   size of file: 12351
./build/descriptive/sconscript_descriptive.log:
   modified on: 23 Jul 2019 12:02:40
   size of file: 96
./build/descriptive/table.txt:
   modified on: 23 Jul 2019 12:02:40
   size of file: 39
./build/prepare_data/data.txt:
   modified on: 23 Jul 2019 12:02:38
   size of file: 1988897
./build/prepare_data/sconscript_create_data.log:
   modified on: 23 Jul 2019 12:02:38
   size of file: 255
./release/sconstruct.log:
   modified on: 23 Jul 2019 11:59:47
   size of file: 306
./release/state_of_repo.log:
   modified on: 23 Jul 2019 11:59:47
   size of file: 2874
./release/descriptive/plot.eps:
   modified on: 23 Jul 2019 12:02:40
   size of file: 12351
./release/descriptive/sconscript_descriptive.log:
   modified on: 23 Jul 2019 12:02:40
   size of file: 96
./release/descriptive/table.txt:
   modified on: 23 Jul 2019 12:02:40
   size of file: 39
./release/lg/data.txt:
   modified on: 23 Jul 2019 12:02:38
   size of file: 1988897
./source/descriptive/descriptive.py:
   modified on: 23 Jul 2019 11:59:47
   size of file: 548
./source/descriptive/SConscript:
   modified on: 23 Jul 2019 11:59:47
   size of file: 501
./source/prepare_data/create_data.do:
   modified on: 23 Jul 2019 11:59:47
   size of file: 262
./source/prepare_data/create_data.m:
   modified on: 23 Jul 2019 11:59:47
   size of file: 202
./source/prepare_data/create_data.py:
   modified on: 23 Jul 2019 11:59:47
   size of file: 260
./source/prepare_data/create_data.r:
   modified on: 23 Jul 2019 11:59:47
   size of file: 249
./source/prepare_data/create_data.sh:
   modified on: 23 Jul 2019 11:59:47
   size of file: 81
./source/prepare_data/SConscript:
   modified on: 23 Jul 2019 12:02:29
   size of file: 1125
